Arguments: 
  /usr/bin/node /snap/node/7823/bin/yarn.js global dir

PATH: 
  /usr/local/sbin:/usr/local/bin:/usr/sbin:/usr/bin:/sbin:/bin:/usr/games:/usr/local/games:/snap/bin:/snap/bin

Yarn version: 
  1.22.19

Node version: 
  18.13.0

Platform: 
  linux x64

Trace: 
  Error: EACCES: permission denied, write
      at writeSync (node:fs:933:3)
      at SyncWriteStream._write (node:internal/fs/sync_write_stream:26:3)
      at writeOrBuffer (node:internal/streams/writable:392:12)
      at _write (node:internal/streams/writable:333:10)
      at Writable.write (node:internal/streams/writable:337:10)
      at ConsoleReporter._log (/snap/node/7823/lib/cli.js:92833:17)
      at ConsoleReporter.log (/snap/node/7823/lib/cli.js:92821:10)
      at dir (/snap/node/7823/lib/cli.js:36307:14)
      at Object.<anonymous> (/snap/node/7823/lib/cli.js:25987:25)
      at Generator.next (<anonymous>)

npm manifest: 
  {
    "name": "coin_changes",
    "version": "1.0.0",
    "main": "index.js",
    "scripts": {
      "start": "expo start",
      "android": "expo start --android",
      "ios": "expo start --ios",
      "web": "expo start --web"
    },
    "dependencies": {
      "expo": "^49.0.3",
      "expo-constants": "~14.4.2",
      "expo-linking": "~5.0.2",
      "expo-router": "2.0.0",
      "expo-splash-screen": "~0.20.4",
      "expo-status-bar": "~1.6.0",
      "react": "18.2.0",
      "react-dom": "18.2.0",
      "react-native": "0.72.3",
      "react-native-gesture-handler": "~2.12.0",
      "react-native-reanimated": "~3.3.0",
      "react-native-safe-area-context": "4.6.3",
      "react-native-screens": "~3.22.0",
      "react-native-web": "~0.19.6"
    },
    "devDependencies": {
      "@babel/core": "^7.19.3",
      "@babel/plugin-proposal-export-namespace-from": "^7.18.9"
    },
    "resolutions": {
      "metro": "^0.73.7",
      "metro-resolver": "^0.73.7"
    },
    "overrides": {
      "metro": "^0.73.7",
      "metro-resolver": "^0.73.7"
    },
    "private": true
  }

yarn manifest: 
  No manifest

Lockfile: 
  No lockfile
